<?xml version="1.0" encoding="UTF-8"?>
<!-- Generated by org.testng.reporters.JUnitReportReporter -->
<testsuite skipped="0" hostname="Senhor" name="utils.SampleHTMLReporter" tests="1" failures="0" timestamp="2021-11-17T14:27:31 IST" time="1.347" errors="0">
  <testcase name="sampleHTMLReport" time="1.347" classname="utils.SampleHTMLReporter"/>
  <system-out/>
</testsuite> <!-- utils.SampleHTMLReporter -->
