<?xml version="1.0" encoding="UTF-8"?>
<!-- Generated by org.testng.reporters.JUnitReportReporter -->
<testsuite skipped="0" hostname="Senhor" name="pom.testcases.pom_tc4" tests="1" failures="0" timestamp="2022-01-04T11:32:49 IST" time="26.463" errors="0">
  <testcase name="tc4" time="26.463" classname="pom.testcases.pom_tc4"/>
  <system-out/>
</testsuite> <!-- pom.testcases.pom_tc4 -->
